<?xml version="1.0" encoding="UTF-8"?>
<!-- Generated by org.testng.reporters.JUnitReportReporter -->
<testsuite skipped="0" hostname="AUTOBVT-Q2JSAKP" name="com.chen.autocases.TestDemo" tests="2" failures="0" timestamp="29 五月 2019 13:27:20 GMT" time="0.002" errors="0">
  <testcase name="testcase2" time="0.000" classname="com.chen.autocases.TestDemo"/>
  <testcase name="testcase1" time="0.002" classname="com.chen.autocases.TestDemo"/>
</testsuite> <!-- com.chen.autocases.TestDemo -->
