<?xml version="1.0" encoding="UTF-8"?>
<!-- Generated by org.testng.reporters.JUnitReportReporter -->
<testsuite skipped="0" hostname="AUTOBVT-Q2JSAKP" name="com.chen.autocases.TestDemo" tests="2" failures="0" timestamp="26 四月 2019 11:51:41 GMT" time="0.001" errors="0">
  <testcase name="testcase2" time="0.000" classname="com.chen.autocases.TestDemo"/>
  <testcase name="testcase1" time="0.001" classname="com.chen.autocases.TestDemo"/>
</testsuite> <!-- com.chen.autocases.TestDemo -->
