<?xml version="1.0" encoding="UTF-8"?>
<testsuite name="TestSuite" time="0.585" tests="4" errors="0" skipped="0" failures="0">
  <properties>
    <property name="java.runtime.name" value="Java(TM) SE Runtime Environment"/>
    <property name="sun.boot.library.path" value="C:\Program Files (x86)\Java\jdk1.8.0_65\jre\bin"/>
    <property name="java.vm.version" value="25.65-b01"/>
    <property name="java.vm.vendor" value="Oracle Corporation"/>
    <property name="maven.multiModuleProjectDirectory" value="C:\Users\Administrator\IdeaProjects\Testngpro"/>
    <property name="java.vendor.url" value="http://java.oracle.com/"/>
    <property name="path.separator" value=";"/>
    <property name="guice.disable.misplaced.annotation.check" value="true"/>
    <property name="java.vm.name" value="Java HotSpot(TM) Client VM"/>
    <property name="file.encoding.pkg" value="sun.io"/>
    <property name="user.script" value=""/>
    <property name="user.country" value="CN"/>
    <property name="sun.java.launcher" value="SUN_STANDARD"/>
    <property name="sun.os.patch.level" value="Service Pack 1"/>
    <property name="java.vm.specification.name" value="Java Virtual Machine Specification"/>
    <property name="user.dir" value="C:\Users\Administrator\IdeaProjects\Testngpro"/>
    <property name="java.runtime.version" value="1.8.0_65-b17"/>
    <property name="java.awt.graphicsenv" value="sun.awt.Win32GraphicsEnvironment"/>
    <property name="basedir" value="C:\Users\Administrator\IdeaProjects\Testngpro"/>
    <property name="java.endorsed.dirs" value="C:\Program Files (x86)\Java\jdk1.8.0_65\jre\lib\endorsed"/>
    <property name="os.arch" value="x86"/>
    <property name="java.io.tmpdir" value="C:\Users\Administrator\AppData\Local\Temp\"/>
    <property name="line.separator" value="&#10;"/>
    <property name="java.vm.specification.vendor" value="Oracle Corporation"/>
    <property name="user.variant" value=""/>
    <property name="os.name" value="Windows 7"/>
    <property name="classworlds.conf" value="C:\maven\apache-maven-3.6.1\bin\..\bin\m2.conf"/>
    <property name="sun.jnu.encoding" value="GBK"/>
    <property name="java.library.path" value="C:\Program Files (x86)\Java\jdk1.8.0_65\bin;C:\windows\Sun\Java\bin;C:\windows\system32;C:\windows;D:\worktools\sftp\;D:\TOOLS\MobaXterm\xshe6\;D:\app\Administrator\product\11.2.0\dbhome_1\bin;C:\ProgramData\Oracle\Java\javapath;C:\Program Files (x86)\Common Files\NetSarang;C:\windows\system32;C:\windows;C:\windows\System32\Wbem;C:\windows\System32\WindowsPowerShell\v1.0\;C:\Python27;C:\Python27\Scripts;C:\Program Files (x86)\Java\jdk1.8.0_65\bin;C:\Program Files (x86)\Java\jdk1.8.0_65\jre\bin;C:\Users\Administrator\AppData\Local\Android\android-sdk\platform-tools;C:\Users\Administrator\AppData\Local\Android\android-sdk\tools;C:\Users\Administrator\AppData\Local\Android\android-sdk\build-tools\28.0.0;C:\strawberry\c\bin;C:\strawberry\perl\bin;C:\Python35\;C:\Python35\Scripts;C:\Program Files\TortoiseSVN\bin;C:\Program Files\VisualSVN Server\bin;C:\Program Files\Git\cmd;C:\putty\;C:\Python27\phtatomjs\phantomjs-2.1.1-windows\bin;C:\Program Files\TortoiseGit\bin;C:\allure-2.7.0\bin;C:\Program Files (x86)\Windows Kits\10\Windows Performance Toolkit\ï¼›C:\Program Files (x86)\Google\Chrome\Application\chrome.exe;C:\maven\apache-maven-3.6.1\bin;%JMETER_HOME%\bin;C:\Python37\Scripts\;C:\Python37\;F:\fiddler;C:\IEDAInteji\IntelliJ IDEA 2019.1\bin;;."/>
    <property name="surefire.test.class.path" value="C:\Users\Administrator\IdeaProjects\Testngpro\target\test-classes;C:\Users\Administrator\IdeaProjects\Testngpro\target\classes;C:\maven\localmvnrpo\com\google\code\gson\gson\2.2.4\gson-2.2.4.jar;C:\maven\localmvnrpo\org\apache\httpcomponents\httpclient\4.5.7\httpclient-4.5.7.jar;C:\maven\localmvnrpo\commons-codec\commons-codec\1.11\commons-codec-1.11.jar;C:\maven\localmvnrpo\org\apache\httpcomponents\httpclient-cache\4.5.7\httpclient-cache-4.5.7.jar;C:\maven\localmvnrpo\org\apache\httpcomponents\httpcore\4.4.11\httpcore-4.4.11.jar;C:\maven\localmvnrpo\org\apache\httpcomponents\httpmime\4.5.7\httpmime-4.5.7.jar;C:\maven\localmvnrpo\commons-beanutils\commons-beanutils\1.7.0\commons-beanutils-1.7.0.jar;C:\maven\localmvnrpo\commons-collections\commons-collections\3.2.1\commons-collections-3.2.1.jar;C:\maven\localmvnrpo\commons-lang\commons-lang\2.3\commons-lang-2.3.jar;C:\maven\localmvnrpo\net\sf\ezmorph\ezmorph\1.0.3\ezmorph-1.0.3.jar;C:\maven\localmvnrpo\net\sf\json-lib\json-lib\2.2.3\json-lib-2.2.3-jdk15.jar;C:\maven\localmvnrpo\commons-logging\commons-logging\1.1.1\commons-logging-1.1.1.jar;C:\maven\localmvnrpo\org\seleniumhq\selenium\selenium-java\3.14.0\selenium-java-3.14.0.jar;C:\maven\localmvnrpo\org\seleniumhq\selenium\selenium-api\3.14.0\selenium-api-3.14.0.jar;C:\maven\localmvnrpo\org\seleniumhq\selenium\selenium-chrome-driver\3.14.0\selenium-chrome-driver-3.14.0.jar;C:\maven\localmvnrpo\org\seleniumhq\selenium\selenium-edge-driver\3.14.0\selenium-edge-driver-3.14.0.jar;C:\maven\localmvnrpo\org\seleniumhq\selenium\selenium-firefox-driver\3.14.0\selenium-firefox-driver-3.14.0.jar;C:\maven\localmvnrpo\org\seleniumhq\selenium\selenium-ie-driver\3.14.0\selenium-ie-driver-3.14.0.jar;C:\maven\localmvnrpo\org\seleniumhq\selenium\selenium-opera-driver\3.14.0\selenium-opera-driver-3.14.0.jar;C:\maven\localmvnrpo\org\seleniumhq\selenium\selenium-remote-driver\3.14.0\selenium-remote-driver-3.14.0.jar;C:\maven\localmvnrpo\org\seleniumhq\selenium\selenium-safari-driver\3.14.0\selenium-safari-driver-3.14.0.jar;C:\maven\localmvnrpo\org\seleniumhq\selenium\selenium-support\3.14.0\selenium-support-3.14.0.jar;C:\maven\localmvnrpo\net\bytebuddy\byte-buddy\1.8.15\byte-buddy-1.8.15.jar;C:\maven\localmvnrpo\org\apache\commons\commons-exec\1.3\commons-exec-1.3.jar;C:\maven\localmvnrpo\com\google\guava\guava\25.0-jre\guava-25.0-jre.jar;C:\maven\localmvnrpo\com\google\code\findbugs\jsr305\1.3.9\jsr305-1.3.9.jar;C:\maven\localmvnrpo\org\checkerframework\checker-compat-qual\2.0.0\checker-compat-qual-2.0.0.jar;C:\maven\localmvnrpo\com\google\errorprone\error_prone_annotations\2.1.3\error_prone_annotations-2.1.3.jar;C:\maven\localmvnrpo\com\google\j2objc\j2objc-annotations\1.1\j2objc-annotations-1.1.jar;C:\maven\localmvnrpo\org\codehaus\mojo\animal-sniffer-annotations\1.14\animal-sniffer-annotations-1.14.jar;C:\maven\localmvnrpo\com\squareup\okhttp3\okhttp\3.10.0\okhttp-3.10.0.jar;C:\maven\localmvnrpo\com\squareup\okio\okio\1.14.1\okio-1.14.1.jar;C:\maven\localmvnrpo\org\testng\testng\6.14.3\testng-6.14.3.jar;C:\maven\localmvnrpo\com\beust\jcommander\1.72\jcommander-1.72.jar;C:\maven\localmvnrpo\org\apache-extras\beanshell\bsh\2.0b6\bsh-2.0b6.jar;C:\maven\localmvnrpo\org\uncommons\reportng\1.1.4\reportng-1.1.4.jar;C:\maven\localmvnrpo\velocity\velocity\1.4\velocity-1.4.jar;C:\maven\localmvnrpo\com\google\inject\guice\4.0\guice-4.0.jar;C:\maven\localmvnrpo\javax\inject\javax.inject\1\javax.inject-1.jar;C:\maven\localmvnrpo\aopalliance\aopalliance\1.0\aopalliance-1.0.jar;C:\maven\localmvnrpo\log4j\log4j\1.2.17\log4j-1.2.17.jar;C:\maven\localmvnrpo\velocity\velocity-dep\1.4\velocity-dep-1.4.jar;C:\maven\localmvnrpo\org\apache\maven\surefire\surefire-testng-utils\2.15\surefire-testng-utils-2.15.jar;C:\maven\localmvnrpo\org\apache\maven\surefire\surefire-grouper\2.15\surefire-grouper-2.15.jar;"/>
    <property name="maven.conf" value="C:\maven\apache-maven-3.6.1\bin\../conf"/>
    <property name="java.specification.name" value="Java Platform API Specification"/>
    <property name="java.class.version" value="52.0"/>
    <property name="sun.management.compiler" value="HotSpot Client Compiler"/>
    <property name="os.version" value="6.1"/>
    <property name="library.jansi.path" value="C:\maven\apache-maven-3.6.1\bin\..\lib\jansi-native"/>
    <property name="user.home" value="C:\Users\Administrator"/>
    <property name="user.timezone" value="Asia/Shanghai"/>
    <property name="java.awt.printerjob" value="sun.awt.windows.WPrinterJob"/>
    <property name="java.specification.version" value="1.8"/>
    <property name="file.encoding" value="GBK"/>
    <property name="user.name" value="Administrator"/>
    <property name="java.class.path" value="C:\maven\apache-maven-3.6.1\bin\..\boot\plexus-classworlds-2.6.0.jar"/>
    <property name="java.vm.specification.version" value="1.8"/>
    <property name="sun.arch.data.model" value="32"/>
    <property name="java.home" value="C:\Program Files (x86)\Java\jdk1.8.0_65\jre"/>
    <property name="sun.java.command" value="org.codehaus.plexus.classworlds.launcher.Launcher clean verify"/>
    <property name="java.specification.vendor" value="Oracle Corporation"/>
    <property name="user.language" value="zh"/>
    <property name="awt.toolkit" value="sun.awt.windows.WToolkit"/>
    <property name="java.vm.info" value="mixed mode, sharing"/>
    <property name="java.version" value="1.8.0_65"/>
    <property name="java.ext.dirs" value="C:\Program Files (x86)\Java\jdk1.8.0_65\jre\lib\ext;C:\windows\Sun\Java\lib\ext"/>
    <property name="sun.boot.class.path" value="C:\Program Files (x86)\Java\jdk1.8.0_65\jre\lib\resources.jar;C:\Program Files (x86)\Java\jdk1.8.0_65\jre\lib\rt.jar;C:\Program Files (x86)\Java\jdk1.8.0_65\jre\lib\sunrsasign.jar;C:\Program Files (x86)\Java\jdk1.8.0_65\jre\lib\jsse.jar;C:\Program Files (x86)\Java\jdk1.8.0_65\jre\lib\jce.jar;C:\Program Files (x86)\Java\jdk1.8.0_65\jre\lib\charsets.jar;C:\Program Files (x86)\Java\jdk1.8.0_65\jre\lib\jfr.jar;C:\Program Files (x86)\Java\jdk1.8.0_65\jre\classes"/>
    <property name="webdriver.chrome.driver" value="C:\Users\Administrator\IdeaProjects\Testngpro/src/test/java/driversPackage//chromedriver.exe"/>
    <property name="sun.stderr.encoding" value="ms936"/>
    <property name="java.vendor" value="Oracle Corporation"/>
    <property name="maven.home" value="C:\maven\apache-maven-3.6.1\bin\.."/>
    <property name="localRepository" value="C:\maven\localmvnrpo"/>
    <property name="file.separator" value="\"/>
    <property name="java.vendor.url.bug" value="http://bugreport.sun.com/bugreport/"/>
    <property name="sun.cpu.endian" value="little"/>
    <property name="sun.io.unicode.encoding" value="UnicodeLittle"/>
    <property name="sun.stdout.encoding" value="ms936"/>
    <property name="sun.desktop" value="windows"/>
    <property name="sun.cpu.isalist" value="pentium_pro+mmx pentium_pro pentium+mmx pentium i486 i386 i86"/>
  </properties>
  <testcase name="testcase1" classname="com.chen.autocases.TestDemo" time="0.002"/>
  <testcase name="testcase2" classname="com.chen.autocases.TestDemo" time="0"/>
  <testcase name="testHttp1" classname="http.chen.autocases.TestHttpRequest" time="0.207"/>
  <testcase name="testHttpPost" classname="http.chen.autocases.TestHttpRequest" time="0.376"/>
</testsuite>